{"/Users/andreacasarella/Documents/Projects/eConta-api/src/middleware/apiDocs.ts": {"path":"/Users/andreacasarella/Documents/Projects/eConta-api/src/middleware/apiDocs.ts","statementMap":{"0":{"start":{"line":2,"column":0},"end":{"line":2,"column":43}},"1":{"start":{"line":3,"column":0},"end":{"line":3,"column":53}},"2":{"start":{"line":5,"column":13},"end":{"line":6,"column":77}},"3":{"start":{"line":6,"column":2},"end":{"line":6,"column":76}}},"fnMap":{"0":{"name":"(anonymous_1)","decl":{"start":{"line":5,"column":29},"end":{"line":5,"column":30}},"loc":{"start":{"line":6,"column":2},"end":{"line":6,"column":76}}}},"branchMap":{},"s":{"0":1,"1":1,"2":1,"3":2},"f":{"0":2},"b":{}}
,"/Users/andreacasarella/Documents/Projects/eConta-api/src/middleware/common.ts": {"path":"/Users/andreacasarella/Documents/Projects/eConta-api/src/middleware/common.ts","statementMap":{"0":{"start":{"line":2,"column":0},"end":{"line":2,"column":24}},"1":{"start":{"line":3,"column":0},"end":{"line":3,"column":33}},"2":{"start":{"line":4,"column":0},"end":{"line":4,"column":38}},"3":{"start":{"line":6,"column":13},"end":{"line":7,"column":56}},"4":{"start":{"line":7,"column":2},"end":{"line":7,"column":55}},"5":{"start":{"line":9,"column":13},"end":{"line":12,"column":2}},"6":{"start":{"line":10,"column":2},"end":{"line":10,"column":52}},"7":{"start":{"line":11,"column":2},"end":{"line":11,"column":28}},"8":{"start":{"line":14,"column":13},"end":{"line":16,"column":2}},"9":{"start":{"line":15,"column":2},"end":{"line":15,"column":28}}},"fnMap":{"0":{"name":"(anonymous_1)","decl":{"start":{"line":6,"column":26},"end":{"line":6,"column":27}},"loc":{"start":{"line":7,"column":2},"end":{"line":7,"column":55}}},"1":{"name":"(anonymous_2)","decl":{"start":{"line":9,"column":40},"end":{"line":9,"column":41}},"loc":{"start":{"line":9,"column":59},"end":{"line":12,"column":1}}},"2":{"name":"(anonymous_3)","decl":{"start":{"line":14,"column":33},"end":{"line":14,"column":34}},"loc":{"start":{"line":14,"column":52},"end":{"line":16,"column":1}}}},"branchMap":{},"s":{"0":1,"1":1,"2":1,"3":1,"4":2,"5":1,"6":2,"7":2,"8":1,"9":2},"f":{"0":2,"1":2,"2":2},"b":{}}
,"/Users/andreacasarella/Documents/Projects/eConta-api/src/middleware/errorHandlers.ts": {"path":"/Users/andreacasarella/Documents/Projects/eConta-api/src/middleware/errorHandlers.ts","statementMap":{"0":{"start":{"line":2,"column":0},"end":{"line":2,"column":54}},"1":{"start":{"line":4,"column":23},"end":{"line":8,"column":1}},"2":{"start":{"line":5,"column":2},"end":{"line":7,"column":5}},"3":{"start":{"line":6,"column":4},"end":{"line":6,"column":33}},"4":{"start":{"line":10,"column":26},"end":{"line":14,"column":1}},"5":{"start":{"line":11,"column":2},"end":{"line":13,"column":5}},"6":{"start":{"line":12,"column":4},"end":{"line":12,"column":45}},"7":{"start":{"line":16,"column":26},"end":{"line":20,"column":1}},"8":{"start":{"line":17,"column":2},"end":{"line":19,"column":5}},"9":{"start":{"line":18,"column":4},"end":{"line":18,"column":45}},"10":{"start":{"line":22,"column":0},"end":{"line":22,"column":70}}},"fnMap":{"0":{"name":"(anonymous_1)","decl":{"start":{"line":4,"column":23},"end":{"line":4,"column":24}},"loc":{"start":{"line":4,"column":42},"end":{"line":8,"column":1}}},"1":{"name":"(anonymous_2)","decl":{"start":{"line":5,"column":13},"end":{"line":5,"column":14}},"loc":{"start":{"line":5,"column":45},"end":{"line":7,"column":3}}},"2":{"name":"(anonymous_3)","decl":{"start":{"line":10,"column":26},"end":{"line":10,"column":27}},"loc":{"start":{"line":10,"column":45},"end":{"line":14,"column":1}}},"3":{"name":"(anonymous_4)","decl":{"start":{"line":11,"column":13},"end":{"line":11,"column":14}},"loc":{"start":{"line":11,"column":77},"end":{"line":13,"column":3}}},"4":{"name":"(anonymous_5)","decl":{"start":{"line":16,"column":26},"end":{"line":16,"column":27}},"loc":{"start":{"line":16,"column":45},"end":{"line":20,"column":1}}},"5":{"name":"(anonymous_6)","decl":{"start":{"line":17,"column":13},"end":{"line":17,"column":14}},"loc":{"start":{"line":17,"column":77},"end":{"line":19,"column":3}}}},"branchMap":{},"s":{"0":1,"1":1,"2":2,"3":1,"4":1,"5":2,"6":1,"7":1,"8":2,"9":0,"10":1},"f":{"0":2,"1":1,"2":2,"3":1,"4":2,"5":0},"b":{}}
,"/Users/andreacasarella/Documents/Projects/eConta-api/src/middleware/index.ts": {"path":"/Users/andreacasarella/Documents/Projects/eConta-api/src/middleware/index.ts","statementMap":{"0":{"start":{"line":1,"column":0},"end":{"line":1,"column":null}},"1":{"start":{"line":7,"column":2},"end":{"line":7,"column":44}},"2":{"start":{"line":9,"column":2},"end":{"line":14,"column":4}}},"fnMap":{},"branchMap":{},"s":{"0":1,"1":1,"2":1},"f":{},"b":{}}
,"/Users/andreacasarella/Documents/Projects/eConta-api/src/services/banks/BanksController.ts": {"path":"/Users/andreacasarella/Documents/Projects/eConta-api/src/services/banks/BanksController.ts","statementMap":{"0":{"start":{"line":1,"column":0},"end":{"line":1,"column":52}},"1":{"start":{"line":3,"column":13},"end":{"line":5,"column":null}},"2":{"start":{"line":4,"column":4},"end":{"line":4,"column":22}}},"fnMap":{"0":{"name":"(anonymous_0)","decl":{"start":{"line":3,"column":28},"end":{"line":3,"column":31}},"loc":{"start":{"line":3,"column":33},"end":{"line":5,"column":1}}}},"branchMap":{},"s":{"0":1,"1":1,"2":1},"f":{"0":1},"b":{}}
,"/Users/andreacasarella/Documents/Projects/eConta-api/src/services/banks/routes.ts": {"path":"/Users/andreacasarella/Documents/Projects/eConta-api/src/services/banks/routes.ts","statementMap":{"0":{"start":{"line":2,"column":0},"end":{"line":2,"column":49}},"1":{"start":{"line":6,"column":0},"end":{"line":18,"column":2}},"2":{"start":{"line":12,"column":49},"end":{"line":15,"column":null}},"3":{"start":{"line":13,"column":27},"end":{"line":13,"column":47}},"4":{"start":{"line":14,"column":12},"end":{"line":14,"column":41}}},"fnMap":{"0":{"name":"(anonymous_7)","decl":{"start":{"line":12,"column":12},"end":{"line":12,"column":19}},"loc":{"start":{"line":12,"column":49},"end":{"line":15,"column":null}}},"1":{"name":"(anonymous_8)","decl":{"start":{"line":12,"column":49},"end":{"line":12,"column":null}},"loc":{"start":{"line":12,"column":49},"end":{"line":15,"column":13}}}},"branchMap":{},"s":{"0":1,"1":1,"2":1,"3":1,"4":1},"f":{"0":1,"1":1},"b":{}}
,"/Users/andreacasarella/Documents/Projects/eConta-api/src/services/banks/providers/DataProvider.ts": {"path":"/Users/andreacasarella/Documents/Projects/eConta-api/src/services/banks/providers/DataProvider.ts","statementMap":{"0":{"start":{"line":3,"column":0},"end":{"line":3,"column":28}},"1":{"start":{"line":4,"column":0},"end":{"line":4,"column":32}},"2":{"start":{"line":6,"column":0},"end":{"line":6,"column":16}},"3":{"start":{"line":9,"column":13},"end":{"line":57,"column":2}},"4":{"start":{"line":10,"column":15},"end":{"line":10,"column":32}},"5":{"start":{"line":15,"column":21},"end":{"line":21,"column":6}},"6":{"start":{"line":23,"column":14},"end":{"line":23,"column":35}},"7":{"start":{"line":24,"column":4},"end":{"line":27,"column":7}},"8":{"start":{"line":25,"column":8},"end":{"line":25,"column":27}},"9":{"start":{"line":25,"column":17},"end":{"line":25,"column":27}},"10":{"start":{"line":26,"column":8},"end":{"line":26,"column":29}},"11":{"start":{"line":29,"column":13},"end":{"line":54,"column":4}},"12":{"start":{"line":56,"column":2},"end":{"line":56,"column":14}}},"fnMap":{"0":{"name":"(anonymous_1)","decl":{"start":{"line":9,"column":24},"end":{"line":9,"column":27}},"loc":{"start":{"line":9,"column":29},"end":{"line":57,"column":1}}},"1":{"name":"(anonymous_2)","decl":{"start":{"line":24,"column":26},"end":{"line":24,"column":27}},"loc":{"start":{"line":24,"column":43},"end":{"line":27,"column":5}}}},"branchMap":{"0":{"loc":{"start":{"line":25,"column":8},"end":{"line":25,"column":27}},"type":"if","locations":[{"start":{"line":25,"column":8},"end":{"line":25,"column":27}},{"start":{"line":25,"column":8},"end":{"line":25,"column":27}}]}},"s":{"0":2,"1":2,"2":2,"3":2,"4":2,"5":2,"6":2,"7":2,"8":0,"9":0,"10":0,"11":2,"12":2},"f":{"0":2,"1":0},"b":{"0":[0,0]}}
,"/Users/andreacasarella/Documents/Projects/eConta-api/src/utils/ErrorHandler.ts": {"path":"/Users/andreacasarella/Documents/Projects/eConta-api/src/utils/ErrorHandler.ts","statementMap":{"0":{"start":{"line":2,"column":0},"end":{"line":2,"column":68}},"1":{"start":{"line":4,"column":13},"end":{"line":6,"column":2}},"2":{"start":{"line":5,"column":2},"end":{"line":5,"column":46}},"3":{"start":{"line":8,"column":13},"end":{"line":15,"column":2}},"4":{"start":{"line":9,"column":2},"end":{"line":14,"column":null}},"5":{"start":{"line":10,"column":4},"end":{"line":10,"column":22}},"6":{"start":{"line":11,"column":4},"end":{"line":11,"column":49}},"7":{"start":{"line":13,"column":4},"end":{"line":13,"column":14}},"8":{"start":{"line":17,"column":13},"end":{"line":24,"column":2}},"9":{"start":{"line":18,"column":2},"end":{"line":18,"column":21}},"10":{"start":{"line":19,"column":2},"end":{"line":23,"column":null}},"11":{"start":{"line":20,"column":4},"end":{"line":20,"column":50}},"12":{"start":{"line":22,"column":4},"end":{"line":22,"column":36}}},"fnMap":{"0":{"name":"(anonymous_0)","decl":{"start":{"line":4,"column":29},"end":{"line":4,"column":32}},"loc":{"start":{"line":4,"column":34},"end":{"line":6,"column":1}}},"1":{"name":"(anonymous_1)","decl":{"start":{"line":8,"column":27},"end":{"line":8,"column":28}},"loc":{"start":{"line":8,"column":77},"end":{"line":15,"column":1}}},"2":{"name":"(anonymous_2)","decl":{"start":{"line":17,"column":27},"end":{"line":17,"column":28}},"loc":{"start":{"line":17,"column":77},"end":{"line":24,"column":1}}}},"branchMap":{"0":{"loc":{"start":{"line":9,"column":2},"end":{"line":14,"column":null}},"type":"if","locations":[{"start":{"line":9,"column":2},"end":{"line":14,"column":null}},{"start":{"line":9,"column":2},"end":{"line":14,"column":null}}]},"1":{"loc":{"start":{"line":19,"column":2},"end":{"line":23,"column":null}},"type":"if","locations":[{"start":{"line":19,"column":2},"end":{"line":23,"column":null}},{"start":{"line":19,"column":2},"end":{"line":23,"column":null}}]}},"s":{"0":1,"1":1,"2":1,"3":1,"4":1,"5":1,"6":1,"7":0,"8":1,"9":0,"10":0,"11":0,"12":0},"f":{"0":1,"1":1,"2":0},"b":{"0":[1,0],"1":[0,0]}}
,"/Users/andreacasarella/Documents/Projects/eConta-api/src/utils/httpErrors.ts": {"path":"/Users/andreacasarella/Documents/Projects/eConta-api/src/utils/httpErrors.ts","statementMap":{"0":{"start":{"line":6,"column":8},"end":{"line":10,"column":null}},"1":{"start":{"line":7,"column":8},"end":{"line":7,"column":39}},"2":{"start":{"line":9,"column":8},"end":{"line":9,"column":23}},"3":{"start":{"line":11,"column":8},"end":{"line":11,"column":42}},"4":{"start":{"line":12,"column":8},"end":{"line":12,"column":56}},"5":{"start":{"line":1,"column":0},"end":{"line":1,"column":22}},"6":{"start":{"line":20,"column":6},"end":{"line":20,"column":21}},"7":{"start":{"line":17,"column":13},"end":{"line":17,"column":30}},"8":{"start":{"line":16,"column":0},"end":{"line":16,"column":13}},"9":{"start":{"line":28,"column":6},"end":{"line":28,"column":21}},"10":{"start":{"line":25,"column":13},"end":{"line":25,"column":30}},"11":{"start":{"line":24,"column":2},"end":{"line":24,"column":15}}},"fnMap":{"0":{"name":"(anonymous_0)","decl":{"start":{"line":5,"column":4},"end":{"line":5,"column":16}},"loc":{"start":{"line":5,"column":40},"end":{"line":13,"column":5}}},"1":{"name":"(anonymous_1)","decl":{"start":{"line":19,"column":4},"end":{"line":19,"column":16}},"loc":{"start":{"line":19,"column":56},"end":{"line":21,"column":5}}},"2":{"name":"(anonymous_2)","decl":{"start":{"line":27,"column":4},"end":{"line":27,"column":16}},"loc":{"start":{"line":27,"column":54},"end":{"line":29,"column":5}}}},"branchMap":{"0":{"loc":{"start":{"line":6,"column":8},"end":{"line":10,"column":null}},"type":"if","locations":[{"start":{"line":6,"column":8},"end":{"line":10,"column":null}},{"start":{"line":6,"column":8},"end":{"line":10,"column":null}}]},"1":{"loc":{"start":{"line":19,"column":43},"end":{"line":19,"column":56}},"type":"default-arg","locations":[{"start":{"line":19,"column":43},"end":{"line":19,"column":56}}]},"2":{"loc":{"start":{"line":27,"column":43},"end":{"line":27,"column":54}},"type":"default-arg","locations":[{"start":{"line":27,"column":43},"end":{"line":27,"column":54}}]}},"s":{"0":1,"1":0,"2":1,"3":1,"4":1,"5":1,"6":0,"7":0,"8":1,"9":1,"10":1,"11":1},"f":{"0":1,"1":0,"2":1},"b":{"0":[0,1],"1":[0],"2":[0]}}
,"/Users/andreacasarella/Documents/Projects/eConta-api/src/utils/index.ts": {"path":"/Users/andreacasarella/Documents/Projects/eConta-api/src/utils/index.ts","statementMap":{"0":{"start":{"line":5,"column":13},"end":{"line":12,"column":2}},"1":{"start":{"line":9,"column":2},"end":{"line":11,"column":null}},"2":{"start":{"line":10,"column":4},"end":{"line":10,"column":14}},"3":{"start":{"line":26,"column":15},"end":{"line":31,"column":4}},"4":{"start":{"line":27,"column":4},"end":{"line":30,"column":null}},"5":{"start":{"line":28,"column":40},"end":{"line":28,"column":45}},"6":{"start":{"line":29,"column":7},"end":{"line":29,"column":45}}},"fnMap":{"0":{"name":"(anonymous_0)","decl":{"start":{"line":5,"column":31},"end":{"line":5,"column":null}},"loc":{"start":{"line":8,"column":4},"end":{"line":12,"column":1}}},"1":{"name":"(anonymous_1)","decl":{"start":{"line":26,"column":29},"end":{"line":26,"column":30}},"loc":{"start":{"line":26,"column":65},"end":{"line":31,"column":3}}}},"branchMap":{},"s":{"0":1,"1":4,"2":14,"3":1,"4":2,"5":2,"6":2},"f":{"0":4,"1":2},"b":{}}
}
