TN:
SF:/Users/andreacasarella/Documents/Projects/eConta-api/src/middleware/apiDocs.ts
FN:5,(anonymous_1)
FNF:1
FNH:1
FNDA:2,(anonymous_1)
DA:2,1
DA:3,1
DA:5,1
DA:6,2
LF:4
LH:4
BRF:0
BRH:0
end_of_record
TN:
SF:/Users/andreacasarella/Documents/Projects/eConta-api/src/middleware/common.ts
FN:6,(anonymous_1)
FN:9,(anonymous_2)
FN:14,(anonymous_3)
FNF:3
FNH:3
FNDA:2,(anonymous_1)
FNDA:2,(anonymous_2)
FNDA:2,(anonymous_3)
DA:2,1
DA:3,1
DA:4,1
DA:6,1
DA:7,2
DA:9,1
DA:10,2
DA:11,2
DA:14,1
DA:15,2
LF:10
LH:10
BRF:0
BRH:0
end_of_record
TN:
SF:/Users/andreacasarella/Documents/Projects/eConta-api/src/middleware/errorHandlers.ts
FN:4,(anonymous_1)
FN:5,(anonymous_2)
FN:10,(anonymous_3)
FN:11,(anonymous_4)
FN:16,(anonymous_5)
FN:17,(anonymous_6)
FNF:6
FNH:5
FNDA:2,(anonymous_1)
FNDA:1,(anonymous_2)
FNDA:2,(anonymous_3)
FNDA:1,(anonymous_4)
FNDA:2,(anonymous_5)
FNDA:0,(anonymous_6)
DA:2,1
DA:4,1
DA:5,2
DA:6,1
DA:10,1
DA:11,2
DA:12,1
DA:16,1
DA:17,2
DA:18,0
DA:22,1
LF:11
LH:10
BRF:0
BRH:0
end_of_record
TN:
SF:/Users/andreacasarella/Documents/Projects/eConta-api/src/middleware/index.ts
FNF:0
FNH:0
DA:1,1
DA:7,1
DA:9,1
LF:3
LH:3
BRF:0
BRH:0
end_of_record
TN:
SF:/Users/andreacasarella/Documents/Projects/eConta-api/src/services/banks/BanksController.ts
FN:3,(anonymous_0)
FNF:1
FNH:1
FNDA:1,(anonymous_0)
DA:1,1
DA:3,1
DA:4,1
LF:3
LH:3
BRF:0
BRH:0
end_of_record
TN:
SF:/Users/andreacasarella/Documents/Projects/eConta-api/src/services/banks/routes.ts
FN:12,(anonymous_7)
FN:12,(anonymous_8)
FNF:2
FNH:2
FNDA:1,(anonymous_7)
FNDA:1,(anonymous_8)
DA:2,1
DA:6,1
DA:12,1
DA:13,1
DA:14,1
LF:5
LH:5
BRF:0
BRH:0
end_of_record
TN:
SF:/Users/andreacasarella/Documents/Projects/eConta-api/src/services/banks/providers/DataProvider.ts
FN:9,(anonymous_1)
FN:24,(anonymous_2)
FNF:2
FNH:1
FNDA:2,(anonymous_1)
FNDA:0,(anonymous_2)
DA:3,2
DA:4,2
DA:6,2
DA:9,2
DA:10,2
DA:15,2
DA:23,2
DA:24,2
DA:25,0
DA:26,0
DA:29,2
DA:56,2
LF:12
LH:10
BRDA:25,0,0,0
BRDA:25,0,1,0
BRF:2
BRH:0
end_of_record
TN:
SF:/Users/andreacasarella/Documents/Projects/eConta-api/src/utils/ErrorHandler.ts
FN:4,(anonymous_0)
FN:8,(anonymous_1)
FN:17,(anonymous_2)
FNF:3
FNH:2
FNDA:1,(anonymous_0)
FNDA:1,(anonymous_1)
FNDA:0,(anonymous_2)
DA:2,1
DA:4,1
DA:5,1
DA:8,1
DA:9,1
DA:10,1
DA:11,1
DA:13,0
DA:17,1
DA:18,0
DA:19,0
DA:20,0
DA:22,0
LF:13
LH:8
BRDA:9,0,0,1
BRDA:9,0,1,0
BRDA:19,1,0,0
BRDA:19,1,1,0
BRF:4
BRH:1
end_of_record
TN:
SF:/Users/andreacasarella/Documents/Projects/eConta-api/src/utils/httpErrors.ts
FN:5,(anonymous_0)
FN:19,(anonymous_1)
FN:27,(anonymous_2)
FNF:3
FNH:2
FNDA:1,(anonymous_0)
FNDA:0,(anonymous_1)
FNDA:1,(anonymous_2)
DA:1,1
DA:6,1
DA:7,0
DA:9,1
DA:11,1
DA:12,1
DA:16,1
DA:17,0
DA:20,0
DA:24,1
DA:25,1
DA:28,1
LF:12
LH:9
BRDA:6,0,0,0
BRDA:6,0,1,1
BRDA:19,1,0,0
BRDA:27,2,0,0
BRF:4
BRH:1
end_of_record
TN:
SF:/Users/andreacasarella/Documents/Projects/eConta-api/src/utils/index.ts
FN:5,(anonymous_0)
FN:26,(anonymous_1)
FNF:2
FNH:2
FNDA:4,(anonymous_0)
FNDA:2,(anonymous_1)
DA:5,1
DA:9,4
DA:10,14
DA:26,1
DA:27,2
DA:28,2
DA:29,2
LF:7
LH:7
BRF:0
BRH:0
end_of_record
